<?xml version="1.0" encoding="UTF-8"?>
<!-- Generated by org.testng.reporters.JUnitReportReporter -->
<testsuite hostname="LAPTOP-3G7QSEJK" failures="0" tests="2" name="com.bw.testcases.ScriptTest" time="33.938" errors="0" timestamp="2023-12-20T16:14:15 IST" skipped="0">
  <testcase classname="com.bw.testcases.ScriptTest" name="createPostTest" time="19.673"/>
  <system-out/>
  <testcase classname="com.bw.testcases.ScriptTest" name="loginTest" time="14.265"/>
  <system-out/>
</testsuite> <!-- com.bw.testcases.ScriptTest -->
