<?xml version="1.0" encoding="UTF-8"?>
<!-- Generated by org.testng.reporters.JUnitReportReporter -->
<testsuite hostname="LAPTOP-3G7QSEJK" failures="0" tests="4" name="com.bw.testcases.ScriptTest" time="68.171" errors="0" timestamp="2023-12-20T15:28:05 IST" skipped="0">
  <testcase classname="com.bw.testcases.ScriptTest" name="createPostTest" time="18.760"/>
  <system-out/>
  <testcase classname="com.bw.testcases.ScriptTest" name="loginTest" time="15.959"/>
  <system-out/>
  <testcase classname="com.bw.testcases.ScriptTest" name="createPostTest" time="19.163"/>
  <system-out/>
  <testcase classname="com.bw.testcases.ScriptTest" name="loginTest" time="14.289"/>
  <system-out/>
</testsuite> <!-- com.bw.testcases.ScriptTest -->
