<?xml version="1.0" encoding="UTF-8"?>
<!-- Generated by org.testng.reporters.JUnitReportReporter -->
<testsuite hostname="LAPTOP-3G7QSEJK" failures="0" tests="2" name="com.bw.testcases.ScriptTest" time="38.201" errors="0" timestamp="2023-12-19T20:17:12 IST" skipped="0">
  <testcase classname="com.bw.testcases.ScriptTest" name="createPostTest" time="21.458"/>
  <system-out/>
  <testcase classname="com.bw.testcases.ScriptTest" name="loginTest" time="16.743"/>
  <system-out/>
</testsuite> <!-- com.bw.testcases.ScriptTest -->
