<?xml version="1.0" encoding="UTF-8"?>
<!-- Generated by org.testng.reporters.JUnitReportReporter -->
<testsuite name="com.bw.testcases.ScriptTest" tests="2" time="37.091" ignored="0" failures="0" timestamp="21 Dec 2023 07:30:19 GMT" skipped="0" hostname="LAPTOP-3G7QSEJK" errors="0">
  <testcase name="loginTest" time="15.906" classname="com.bw.testcases.ScriptTest"/>
  <testcase name="createPostTest" time="21.185" classname="com.bw.testcases.ScriptTest"/>
</testsuite> <!-- com.bw.testcases.ScriptTest -->
